
===== Patrol EXT Run Start: 2026-03-03 17:16:25 =====
[2026-03-03 17:17:17] [WARN] action done non-success, state=PREEMPTED outcome=101 msg=Controller canceled
[2026-03-03 17:19:56] [WARN] stuck detected, cancel current goal and retry
[2026-03-03 17:19:56] [WARN] action done non-success, state=PREEMPTED outcome=101 msg=Controller canceled
[2026-03-03 17:20:00] [WARN] stuck detected, cancel current goal and retry
[2026-03-03 17:20:00] [WARN] action done non-success, state=PREEMPTED outcome=101 msg=Controller canceled
[2026-03-03 17:20:04] [WARN] stuck detected, cancel current goal and retry
[2026-03-03 17:20:04] [WARN] action done non-success, state=PREEMPTED outcome=101 msg=Controller canceled
[2026-03-03 17:20:04] [ERROR] goal failed after max retries
[2026-03-03 17:21:06] [WARN] stuck detected, cancel current goal and retry
[2026-03-03 17:21:06] [WARN] action done non-success, state=PREEMPTED outcome=101 msg=Controller canceled
[2026-03-03 17:21:10] [WARN] stuck detected, cancel current goal and retry
[2026-03-03 17:21:10] [WARN] action done non-success, state=PREEMPTED outcome=101 msg=Controller canceled
[2026-03-03 17:21:14] [WARN] stuck detected, cancel current goal and retry
[2026-03-03 17:21:14] [WARN] action done non-success, state=PREEMPTED outcome=101 msg=Controller canceled
[2026-03-03 17:21:14] [ERROR] goal failed after max retries
[2026-03-03 17:22:18] [WARN] stuck detected, cancel current goal and retry
[2026-03-03 17:22:18] [WARN] action done non-success, state=PREEMPTED outcome=101 msg=Controller canceled
[2026-03-03 17:22:22] [WARN] stuck detected, cancel current goal and retry
[2026-03-03 17:22:22] [WARN] action done non-success, state=PREEMPTED outcome=101 msg=Controller canceled
[2026-03-03 17:22:27] [WARN] stuck detected, cancel current goal and retry
[2026-03-03 17:22:27] [WARN] action done non-success, state=PREEMPTED outcome=101 msg=Controller canceled
[2026-03-03 17:22:27] [ERROR] goal failed after max retries
[2026-03-03 17:23:29] [WARN] stuck detected, cancel current goal and retry
[2026-03-03 17:23:29] [WARN] action done non-success, state=PREEMPTED outcome=101 msg=Controller canceled
[2026-03-03 17:23:33] [WARN] stuck detected, cancel current goal and retry
[2026-03-03 17:23:33] [WARN] action done non-success, state=PREEMPTED outcome=101 msg=Controller canceled
[2026-03-03 17:23:37] [WARN] stuck detected, cancel current goal and retry
[2026-03-03 17:23:37] [WARN] action done non-success, state=PREEMPTED outcome=101 msg=Controller canceled
[2026-03-03 17:23:37] [ERROR] goal failed after max retries
[2026-03-03 17:24:39] [WARN] stuck detected, cancel current goal and retry
[2026-03-03 17:24:39] [WARN] action done non-success, state=PREEMPTED outcome=101 msg=Controller canceled
[2026-03-03 17:24:43] [WARN] stuck detected, cancel current goal and retry
[2026-03-03 17:24:43] [WARN] action done non-success, state=PREEMPTED outcome=101 msg=Controller canceled
[2026-03-03 17:24:47] [WARN] stuck detected, cancel current goal and retry
[2026-03-03 17:24:47] [WARN] action done non-success, state=PREEMPTED outcome=101 msg=Controller canceled
[2026-03-03 17:24:48] [ERROR] goal failed after max retries
[2026-03-03 17:25:53] [WARN] stuck detected, cancel current goal and retry
[2026-03-03 17:25:53] [WARN] action done non-success, state=PREEMPTED outcome=101 msg=Controller canceled
[2026-03-03 17:25:57] [WARN] stuck detected, cancel current goal and retry
[2026-03-03 17:25:57] [WARN] action done non-success, state=PREEMPTED outcome=101 msg=Controller canceled
[2026-03-03 17:26:01] [WARN] stuck detected, cancel current goal and retry
[2026-03-03 17:26:01] [WARN] action done non-success, state=PREEMPTED outcome=101 msg=Controller canceled
[2026-03-03 17:26:01] [ERROR] goal failed after max retries
[2026-03-03 17:27:56] [WARN] stuck detected, cancel current goal and retry
[2026-03-03 17:27:56] [WARN] action done non-success, state=PREEMPTED outcome=101 msg=Controller canceled
[2026-03-03 17:28:00] [WARN] stuck detected, cancel current goal and retry
[2026-03-03 17:28:00] [WARN] action done non-success, state=PREEMPTED outcome=101 msg=Controller canceled
[2026-03-03 17:28:04] [WARN] stuck detected, cancel current goal and retry
[2026-03-03 17:28:04] [WARN] action done non-success, state=PREEMPTED outcome=101 msg=Controller canceled
[2026-03-03 17:28:04] [ERROR] goal failed after max retries
[2026-03-03 17:29:06] [WARN] stuck detected, cancel current goal and retry
[2026-03-03 17:29:06] [WARN] action done non-success, state=PREEMPTED outcome=101 msg=Controller canceled
[2026-03-03 17:29:10] [WARN] stuck detected, cancel current goal and retry
[2026-03-03 17:29:10] [WARN] action done non-success, state=PREEMPTED outcome=101 msg=Controller canceled
[2026-03-03 17:29:15] [WARN] stuck detected, cancel current goal and retry
[2026-03-03 17:29:15] [WARN] action done non-success, state=PREEMPTED outcome=101 msg=Controller canceled
[2026-03-03 17:29:15] [ERROR] goal failed after max retries
[2026-03-03 17:30:22] [WARN] stuck detected, cancel current goal and retry
[2026-03-03 17:30:22] [WARN] action done non-success, state=PREEMPTED outcome=101 msg=Controller canceled
[2026-03-03 17:30:26] [WARN] stuck detected, cancel current goal and retry
[2026-03-03 17:30:26] [WARN] action done non-success, state=PREEMPTED outcome=101 msg=Controller canceled
[2026-03-03 17:30:30] [WARN] stuck detected, cancel current goal and retry
[2026-03-03 17:30:30] [WARN] action done non-success, state=PREEMPTED outcome=101 msg=Controller canceled
[2026-03-03 17:30:30] [ERROR] goal failed after max retries
[2026-03-03 17:31:32] [WARN] stuck detected, cancel current goal and retry
[2026-03-03 17:31:32] [WARN] action done non-success, state=PREEMPTED outcome=101 msg=Controller canceled
[2026-03-03 17:31:37] [WARN] stuck detected, cancel current goal and retry
[2026-03-03 17:31:37] [WARN] action done non-success, state=PREEMPTED outcome=101 msg=Controller canceled
[2026-03-03 17:31:41] [WARN] stuck detected, cancel current goal and retry
[2026-03-03 17:31:41] [WARN] action done non-success, state=PREEMPTED outcome=101 msg=Controller canceled
[2026-03-03 17:31:41] [ERROR] goal failed after max retries
[2026-03-03 17:32:45] [WARN] stuck detected, cancel current goal and retry
[2026-03-03 17:32:45] [WARN] action done non-success, state=PREEMPTED outcome=101 msg=Controller canceled
[2026-03-03 17:32:49] [WARN] stuck detected, cancel current goal and retry
[2026-03-03 17:32:49] [WARN] action done non-success, state=PREEMPTED outcome=101 msg=Controller canceled
[2026-03-03 17:32:54] [WARN] stuck detected, cancel current goal and retry
[2026-03-03 17:32:54] [WARN] action done non-success, state=PREEMPTED outcome=101 msg=Controller canceled
[2026-03-03 17:32:54] [ERROR] goal failed after max retries
[2026-03-03 17:33:56] [WARN] stuck detected, cancel current goal and retry
[2026-03-03 17:34:00] [WARN] stuck detected, cancel current goal and retry
[2026-03-03 17:34:00] [WARN] action done non-success, state=PREEMPTED outcome=101 msg=Controller canceled
[2026-03-03 17:34:04] [WARN] stuck detected, cancel current goal and retry
[2026-03-03 17:34:04] [WARN] action done non-success, state=PREEMPTED outcome=101 msg=Controller canceled
[2026-03-03 17:34:04] [ERROR] goal failed after max retries
[2026-03-03 17:35:08] [WARN] stuck detected, cancel current goal and retry
[2026-03-03 17:35:08] [WARN] action done non-success, state=PREEMPTED outcome=101 msg=Controller canceled
[2026-03-03 17:35:12] [WARN] stuck detected, cancel current goal and retry
[2026-03-03 17:35:12] [WARN] action done non-success, state=PREEMPTED outcome=101 msg=Controller canceled
[2026-03-03 17:35:17] [WARN] stuck detected, cancel current goal and retry
[2026-03-03 17:35:17] [WARN] action done non-success, state=PREEMPTED outcome=101 msg=Controller canceled
[2026-03-03 17:35:17] [ERROR] goal failed after max retries
[2026-03-03 17:36:20] [WARN] stuck detected, cancel current goal and retry
[2026-03-03 17:36:20] [WARN] action done non-success, state=PREEMPTED outcome=101 msg=Controller canceled
[2026-03-03 17:36:24] [WARN] stuck detected, cancel current goal and retry
[2026-03-03 17:36:24] [WARN] action done non-success, state=PREEMPTED outcome=101 msg=Controller canceled
[2026-03-03 17:36:29] [WARN] stuck detected, cancel current goal and retry
[2026-03-03 17:36:29] [WARN] action done non-success, state=PREEMPTED outcome=101 msg=Controller canceled
[2026-03-03 17:36:29] [ERROR] goal failed after max retries
[2026-03-03 17:37:33] [WARN] stuck detected, cancel current goal and retry
[2026-03-03 17:37:33] [WARN] action done non-success, state=PREEMPTED outcome=101 msg=Controller canceled
[2026-03-03 17:37:37] [WARN] stuck detected, cancel current goal and retry
[2026-03-03 17:37:37] [WARN] action done non-success, state=PREEMPTED outcome=101 msg=Controller canceled
[2026-03-03 17:37:41] [WARN] stuck detected, cancel current goal and retry
[2026-03-03 17:37:41] [WARN] action done non-success, state=PREEMPTED outcome=101 msg=Controller canceled
[2026-03-03 17:37:42] [ERROR] goal failed after max retries
[2026-03-03 17:38:47] [WARN] stuck detected, cancel current goal and retry
[2026-03-03 17:38:47] [WARN] action done non-success, state=PREEMPTED outcome=101 msg=Controller canceled
[2026-03-03 17:38:51] [WARN] stuck detected, cancel current goal and retry
[2026-03-03 17:38:51] [WARN] action done non-success, state=PREEMPTED outcome=101 msg=Controller canceled
[2026-03-03 17:38:56] [WARN] stuck detected, cancel current goal and retry
[2026-03-03 17:38:56] [ERROR] goal failed after max retries
[2026-03-03 17:38:56] [WARN] action done non-success, state=PREEMPTED outcome=101 msg=Controller canceled
[2026-03-03 17:40:03] [WARN] stuck detected, cancel current goal and retry
[2026-03-03 17:40:03] [WARN] action done non-success, state=PREEMPTED outcome=101 msg=Controller canceled
[2026-03-03 17:40:07] [WARN] stuck detected, cancel current goal and retry
[2026-03-03 17:40:07] [WARN] action done non-success, state=PREEMPTED outcome=101 msg=Controller canceled
[2026-03-03 17:40:11] [WARN] stuck detected, cancel current goal and retry
[2026-03-03 17:40:11] [WARN] action done non-success, state=PREEMPTED outcome=101 msg=Controller canceled
[2026-03-03 17:40:12] [ERROR] goal failed after max retries
[2026-03-03 17:41:21] [WARN] stuck detected, cancel current goal and retry
[2026-03-03 17:41:21] [WARN] action done non-success, state=PREEMPTED outcome=101 msg=Controller canceled
[2026-03-03 17:41:26] [WARN] stuck detected, cancel current goal and retry
[2026-03-03 17:41:26] [WARN] action done non-success, state=PREEMPTED outcome=101 msg=Controller canceled
[2026-03-03 17:41:31] [WARN] stuck detected, cancel current goal and retry
[2026-03-03 17:41:31] [WARN] action done non-success, state=PREEMPTED outcome=101 msg=Controller canceled
[2026-03-03 17:41:31] [ERROR] goal failed after max retries
[2026-03-03 17:42:38] [WARN] stuck detected, cancel current goal and retry
[2026-03-03 17:42:38] [WARN] action done non-success, state=PREEMPTED outcome=101 msg=Controller canceled
[2026-03-03 17:42:42] [WARN] stuck detected, cancel current goal and retry
[2026-03-03 17:42:42] [WARN] action done non-success, state=PREEMPTED outcome=101 msg=Controller canceled
[2026-03-03 17:42:47] [WARN] stuck detected, cancel current goal and retry
[2026-03-03 17:42:47] [WARN] action done non-success, state=PREEMPTED outcome=101 msg=Controller canceled
[2026-03-03 17:42:47] [ERROR] goal failed after max retries
[2026-03-03 17:43:51] [WARN] stuck detected, cancel current goal and retry
[2026-03-03 17:43:51] [WARN] action done non-success, state=PREEMPTED outcome=101 msg=Controller canceled
[2026-03-03 17:43:56] [WARN] stuck detected, cancel current goal and retry
[2026-03-03 17:43:56] [WARN] action done non-success, state=PREEMPTED outcome=101 msg=Controller canceled
[2026-03-03 17:44:00] [WARN] stuck detected, cancel current goal and retry
[2026-03-03 17:44:00] [WARN] action done non-success, state=PREEMPTED outcome=101 msg=Controller canceled
[2026-03-03 17:44:00] [ERROR] goal failed after max retries
[2026-03-03 17:45:06] [WARN] stuck detected, cancel current goal and retry
[2026-03-03 17:45:06] [WARN] action done non-success, state=PREEMPTED outcome=101 msg=Controller canceled
[2026-03-03 17:45:10] [WARN] stuck detected, cancel current goal and retry
[2026-03-03 17:45:10] [WARN] action done non-success, state=PREEMPTED outcome=101 msg=Controller canceled
[2026-03-03 17:45:15] [WARN] stuck detected, cancel current goal and retry
[2026-03-03 17:45:15] [WARN] action done non-success, state=PREEMPTED outcome=101 msg=Controller canceled
[2026-03-03 17:45:15] [ERROR] goal failed after max retries
[2026-03-03 17:46:21] [WARN] stuck detected, cancel current goal and retry
[2026-03-03 17:46:21] [WARN] action done non-success, state=PREEMPTED outcome=101 msg=Controller canceled
[2026-03-03 17:46:25] [WARN] stuck detected, cancel current goal and retry
[2026-03-03 17:46:25] [WARN] action done non-success, state=PREEMPTED outcome=101 msg=Controller canceled
[2026-03-03 17:46:29] [WARN] stuck detected, cancel current goal and retry
[2026-03-03 17:46:29] [WARN] action done non-success, state=PREEMPTED outcome=101 msg=Controller canceled
[2026-03-03 17:46:30] [ERROR] goal failed after max retries
[2026-03-03 17:48:29] [WARN] stuck detected, cancel current goal and retry
[2026-03-03 17:48:29] [WARN] action done non-success, state=PREEMPTED outcome=101 msg=Controller canceled
[2026-03-03 17:48:34] [WARN] stuck detected, cancel current goal and retry
[2026-03-03 17:48:34] [WARN] action done non-success, state=PREEMPTED outcome=101 msg=Controller canceled
[2026-03-03 17:48:38] [WARN] stuck detected, cancel current goal and retry
[2026-03-03 17:48:38] [WARN] action done non-success, state=PREEMPTED outcome=101 msg=Controller canceled
[2026-03-03 17:48:38] [ERROR] goal failed after max retries
[2026-03-03 17:49:42] [WARN] stuck detected, cancel current goal and retry
[2026-03-03 17:49:42] [WARN] action done non-success, state=PREEMPTED outcome=101 msg=Controller canceled
[2026-03-03 17:49:46] [WARN] stuck detected, cancel current goal and retry
[2026-03-03 17:49:46] [WARN] action done non-success, state=PREEMPTED outcome=101 msg=Controller canceled
[2026-03-03 17:49:51] [WARN] stuck detected, cancel current goal and retry
[2026-03-03 17:49:51] [WARN] action done non-success, state=PREEMPTED outcome=101 msg=Controller canceled
[2026-03-03 17:49:51] [ERROR] goal failed after max retries
[2026-03-03 17:50:55] [WARN] stuck detected, cancel current goal and retry
[2026-03-03 17:50:55] [WARN] action done non-success, state=PREEMPTED outcome=101 msg=Controller canceled
[2026-03-03 17:51:00] [WARN] stuck detected, cancel current goal and retry
[2026-03-03 17:51:00] [WARN] action done non-success, state=PREEMPTED outcome=101 msg=Controller canceled
[2026-03-03 17:51:04] [WARN] stuck detected, cancel current goal and retry
[2026-03-03 17:51:04] [WARN] action done non-success, state=PREEMPTED outcome=101 msg=Controller canceled
[2026-03-03 17:51:04] [ERROR] goal failed after max retries
[2026-03-03 17:52:10] [WARN] stuck detected, cancel current goal and retry
[2026-03-03 17:52:10] [WARN] action done non-success, state=PREEMPTED outcome=101 msg=Controller canceled
[2026-03-03 17:52:15] [WARN] stuck detected, cancel current goal and retry
[2026-03-03 17:52:15] [WARN] action done non-success, state=PREEMPTED outcome=101 msg=Controller canceled
[2026-03-03 17:52:19] [WARN] stuck detected, cancel current goal and retry
[2026-03-03 17:52:19] [WARN] action done non-success, state=PREEMPTED outcome=101 msg=Controller canceled
[2026-03-03 17:52:19] [ERROR] goal failed after max retries
[2026-03-03 17:53:26] [WARN] stuck detected, cancel current goal and retry
[2026-03-03 17:53:26] [WARN] action done non-success, state=PREEMPTED outcome=101 msg=Controller canceled
[2026-03-03 17:53:30] [WARN] stuck detected, cancel current goal and retry
[2026-03-03 17:53:30] [WARN] action done non-success, state=PREEMPTED outcome=101 msg=Controller canceled
[2026-03-03 17:53:35] [WARN] stuck detected, cancel current goal and retry
[2026-03-03 17:53:35] [WARN] action done non-success, state=PREEMPTED outcome=101 msg=Controller canceled
[2026-03-03 17:53:35] [ERROR] goal failed after max retries
[2026-03-03 17:54:40] [WARN] stuck detected, cancel current goal and retry
[2026-03-03 17:54:40] [WARN] action done non-success, state=PREEMPTED outcome=101 msg=Controller canceled
[2026-03-03 17:54:45] [WARN] stuck detected, cancel current goal and retry
[2026-03-03 17:54:45] [WARN] action done non-success, state=PREEMPTED outcome=101 msg=Controller canceled
[2026-03-03 17:54:49] [WARN] stuck detected, cancel current goal and retry
[2026-03-03 17:54:49] [WARN] action done non-success, state=PREEMPTED outcome=101 msg=Controller canceled
[2026-03-03 17:54:49] [ERROR] goal failed after max retries
[2026-03-03 17:55:53] [WARN] stuck detected, cancel current goal and retry
[2026-03-03 17:55:53] [WARN] action done non-success, state=PREEMPTED outcome=101 msg=Controller canceled
[2026-03-03 17:55:57] [WARN] stuck detected, cancel current goal and retry
[2026-03-03 17:55:57] [WARN] action done non-success, state=PREEMPTED outcome=101 msg=Controller canceled
[2026-03-03 17:56:01] [WARN] stuck detected, cancel current goal and retry
[2026-03-03 17:56:01] [WARN] action done non-success, state=PREEMPTED outcome=101 msg=Controller canceled
[2026-03-03 17:56:01] [ERROR] goal failed after max retries
[2026-03-03 17:57:07] [WARN] stuck detected, cancel current goal and retry
[2026-03-03 17:57:07] [WARN] action done non-success, state=PREEMPTED outcome=101 msg=Controller canceled
[2026-03-03 17:57:11] [WARN] stuck detected, cancel current goal and retry
[2026-03-03 17:57:11] [WARN] action done non-success, state=PREEMPTED outcome=101 msg=Controller canceled
[2026-03-03 17:57:15] [WARN] stuck detected, cancel current goal and retry
[2026-03-03 17:57:15] [WARN] action done non-success, state=PREEMPTED outcome=101 msg=Controller canceled
[2026-03-03 17:57:15] [ERROR] goal failed after max retries
[2026-03-03 17:58:20] [WARN] stuck detected, cancel current goal and retry
[2026-03-03 17:58:20] [WARN] action done non-success, state=PREEMPTED outcome=101 msg=Controller canceled
[2026-03-03 17:58:25] [WARN] stuck detected, cancel current goal and retry
[2026-03-03 17:58:25] [WARN] action done non-success, state=PREEMPTED outcome=101 msg=Controller canceled
[2026-03-03 17:58:29] [WARN] stuck detected, cancel current goal and retry
[2026-03-03 17:58:29] [WARN] action done non-success, state=PREEMPTED outcome=101 msg=Controller canceled
[2026-03-03 17:58:29] [ERROR] goal failed after max retries
[2026-03-03 18:01:22] [WARN] stuck detected, cancel current goal and retry
[2026-03-03 18:01:22] [WARN] action done non-success, state=PREEMPTED outcome=101 msg=Controller canceled
[2026-03-03 18:01:26] [WARN] stuck detected, cancel current goal and retry
[2026-03-03 18:01:26] [WARN] action done non-success, state=PREEMPTED outcome=101 msg=Controller canceled
[2026-03-03 18:01:30] [WARN] stuck detected, cancel current goal and retry
[2026-03-03 18:01:30] [WARN] action done non-success, state=PREEMPTED outcome=101 msg=Controller canceled
[2026-03-03 18:01:30] [ERROR] goal failed after max retries
[2026-03-03 18:02:33] [WARN] stuck detected, cancel current goal and retry
[2026-03-03 18:02:33] [WARN] action done non-success, state=PREEMPTED outcome=101 msg=Controller canceled
[2026-03-03 18:02:37] [WARN] stuck detected, cancel current goal and retry
[2026-03-03 18:02:37] [WARN] action done non-success, state=PREEMPTED outcome=101 msg=Controller canceled
[2026-03-03 18:02:41] [WARN] stuck detected, cancel current goal and retry
[2026-03-03 18:02:41] [WARN] action done non-success, state=PREEMPTED outcome=101 msg=Controller canceled
[2026-03-03 18:02:42] [ERROR] goal failed after max retries
[2026-03-03 18:03:41] [WARN] stuck detected, cancel current goal and retry
[2026-03-03 18:03:41] [WARN] action done non-success, state=PREEMPTED outcome=101 msg=Controller canceled
[2026-03-03 18:03:45] [WARN] stuck detected, cancel current goal and retry
[2026-03-03 18:03:45] [WARN] action done non-success, state=PREEMPTED outcome=101 msg=Controller canceled
[2026-03-03 18:03:49] [WARN] stuck detected, cancel current goal and retry
[2026-03-03 18:03:49] [WARN] action done non-success, state=PREEMPTED outcome=101 msg=Controller canceled
[2026-03-03 18:03:50] [ERROR] goal failed after max retries
[2026-03-03 18:04:49] [WARN] stuck detected, cancel current goal and retry
[2026-03-03 18:04:49] [WARN] action done non-success, state=PREEMPTED outcome=101 msg=Controller canceled
[2026-03-03 18:04:53] [WARN] stuck detected, cancel current goal and retry
[2026-03-03 18:04:53] [WARN] action done non-success, state=PREEMPTED outcome=101 msg=Controller canceled
[2026-03-03 18:04:57] [WARN] stuck detected, cancel current goal and retry
[2026-03-03 18:04:57] [WARN] action done non-success, state=PREEMPTED outcome=101 msg=Controller canceled
[2026-03-03 18:04:57] [ERROR] goal failed after max retries
[2026-03-03 18:05:59] [WARN] stuck detected, cancel current goal and retry
[2026-03-03 18:05:59] [WARN] action done non-success, state=PREEMPTED outcome=101 msg=Controller canceled
[2026-03-03 18:06:03] [WARN] stuck detected, cancel current goal and retry
[2026-03-03 18:06:03] [WARN] action done non-success, state=PREEMPTED outcome=101 msg=Controller canceled
[2026-03-03 18:06:07] [WARN] stuck detected, cancel current goal and retry
[2026-03-03 18:06:07] [WARN] action done non-success, state=PREEMPTED outcome=101 msg=Controller canceled
[2026-03-03 18:06:07] [ERROR] goal failed after max retries
[2026-03-03 18:07:08] [WARN] stuck detected, cancel current goal and retry
[2026-03-03 18:07:08] [WARN] action done non-success, state=PREEMPTED outcome=101 msg=Controller canceled
[2026-03-03 18:07:12] [WARN] stuck detected, cancel current goal and retry
[2026-03-03 18:07:12] [WARN] action done non-success, state=PREEMPTED outcome=101 msg=Controller canceled
[2026-03-03 18:07:16] [WARN] stuck detected, cancel current goal and retry
[2026-03-03 18:07:16] [WARN] action done non-success, state=PREEMPTED outcome=101 msg=Controller canceled
[2026-03-03 18:07:16] [ERROR] goal failed after max retries
[2026-03-03 18:08:17] [WARN] stuck detected, cancel current goal and retry
[2026-03-03 18:08:17] [WARN] action done non-success, state=PREEMPTED outcome=101 msg=Controller canceled
[2026-03-03 18:08:21] [WARN] stuck detected, cancel current goal and retry
[2026-03-03 18:08:21] [WARN] action done non-success, state=PREEMPTED outcome=101 msg=Controller canceled
[2026-03-03 18:08:25] [WARN] stuck detected, cancel current goal and retry
[2026-03-03 18:08:25] [WARN] action done non-success, state=PREEMPTED outcome=101 msg=Controller canceled
[2026-03-03 18:08:25] [ERROR] goal failed after max retries
[2026-03-03 18:09:26] [WARN] stuck detected, cancel current goal and retry
[2026-03-03 18:09:26] [WARN] action done non-success, state=PREEMPTED outcome=101 msg=Controller canceled
[2026-03-03 18:09:30] [WARN] stuck detected, cancel current goal and retry
[2026-03-03 18:09:30] [WARN] action done non-success, state=PREEMPTED outcome=101 msg=Controller canceled
[2026-03-03 18:09:34] [WARN] stuck detected, cancel current goal and retry
[2026-03-03 18:09:34] [WARN] action done non-success, state=PREEMPTED outcome=101 msg=Controller canceled
[2026-03-03 18:09:34] [ERROR] goal failed after max retries
[2026-03-03 18:10:35] [WARN] stuck detected, cancel current goal and retry
[2026-03-03 18:10:35] [WARN] action done non-success, state=PREEMPTED outcome=101 msg=Controller canceled
[2026-03-03 18:10:39] [WARN] stuck detected, cancel current goal and retry
[2026-03-03 18:10:39] [WARN] action done non-success, state=PREEMPTED outcome=101 msg=Controller canceled
[2026-03-03 18:10:43] [WARN] stuck detected, cancel current goal and retry
[2026-03-03 18:10:43] [ERROR] goal failed after max retries
[2026-03-03 18:10:43] [WARN] action done non-success, state=PREEMPTED outcome=101 msg=Controller canceled
[2026-03-03 18:11:44] [WARN] stuck detected, cancel current goal and retry
[2026-03-03 18:11:44] [WARN] action done non-success, state=PREEMPTED outcome=101 msg=Controller canceled
[2026-03-03 18:11:48] [WARN] stuck detected, cancel current goal and retry
[2026-03-03 18:11:48] [WARN] action done non-success, state=PREEMPTED outcome=101 msg=Controller canceled
[2026-03-03 18:11:52] [WARN] stuck detected, cancel current goal and retry
[2026-03-03 18:11:52] [WARN] action done non-success, state=PREEMPTED outcome=101 msg=Controller canceled
[2026-03-03 18:11:52] [ERROR] goal failed after max retries
[2026-03-03 18:12:52] [WARN] stuck detected, cancel current goal and retry
[2026-03-03 18:12:52] [WARN] action done non-success, state=PREEMPTED outcome=101 msg=Controller canceled
[2026-03-03 18:12:56] [WARN] stuck detected, cancel current goal and retry
[2026-03-03 18:12:56] [WARN] action done non-success, state=PREEMPTED outcome=101 msg=Controller canceled
[2026-03-03 18:13:00] [WARN] stuck detected, cancel current goal and retry
[2026-03-03 18:13:00] [WARN] action done non-success, state=PREEMPTED outcome=101 msg=Controller canceled
[2026-03-03 18:13:00] [ERROR] goal failed after max retries
[2026-03-03 18:14:00] [WARN] stuck detected, cancel current goal and retry
[2026-03-03 18:14:00] [WARN] action done non-success, state=PREEMPTED outcome=101 msg=Controller canceled
[2026-03-03 18:14:04] [WARN] stuck detected, cancel current goal and retry
[2026-03-03 18:14:04] [WARN] action done non-success, state=PREEMPTED outcome=101 msg=Controller canceled
[2026-03-03 18:14:08] [WARN] stuck detected, cancel current goal and retry
[2026-03-03 18:14:08] [WARN] action done non-success, state=PREEMPTED outcome=101 msg=Controller canceled
[2026-03-03 18:14:08] [ERROR] goal failed after max retries
[2026-03-03 18:15:09] [WARN] stuck detected, cancel current goal and retry
[2026-03-03 18:15:09] [WARN] action done non-success, state=PREEMPTED outcome=101 msg=Controller canceled
[2026-03-03 18:15:13] [WARN] stuck detected, cancel current goal and retry
[2026-03-03 18:15:13] [WARN] action done non-success, state=PREEMPTED outcome=101 msg=Controller canceled
[2026-03-03 18:15:17] [WARN] stuck detected, cancel current goal and retry
[2026-03-03 18:15:17] [WARN] action done non-success, state=PREEMPTED outcome=101 msg=Controller canceled
[2026-03-03 18:15:17] [ERROR] goal failed after max retries
[2026-03-03 18:16:17] [WARN] stuck detected, cancel current goal and retry
[2026-03-03 18:16:17] [WARN] action done non-success, state=PREEMPTED outcome=101 msg=Controller canceled
[2026-03-03 18:16:21] [WARN] stuck detected, cancel current goal and retry
[2026-03-03 18:16:21] [WARN] action done non-success, state=PREEMPTED outcome=101 msg=Controller canceled
[2026-03-03 18:16:25] [WARN] stuck detected, cancel current goal and retry
[2026-03-03 18:16:25] [WARN] action done non-success, state=PREEMPTED outcome=101 msg=Controller canceled
[2026-03-03 18:16:25] [ERROR] goal failed after max retries
[2026-03-03 18:17:25] [WARN] stuck detected, cancel current goal and retry
[2026-03-03 18:17:25] [WARN] action done non-success, state=PREEMPTED outcome=101 msg=Controller canceled
[2026-03-03 18:17:29] [WARN] stuck detected, cancel current goal and retry
[2026-03-03 18:17:29] [WARN] action done non-success, state=PREEMPTED outcome=101 msg=Controller canceled
[2026-03-03 18:17:33] [WARN] stuck detected, cancel current goal and retry
[2026-03-03 18:17:33] [WARN] action done non-success, state=PREEMPTED outcome=101 msg=Controller canceled
[2026-03-03 18:17:33] [ERROR] goal failed after max retries
[2026-03-03 18:18:34] [WARN] stuck detected, cancel current goal and retry
[2026-03-03 18:18:34] [WARN] action done non-success, state=PREEMPTED outcome=101 msg=Controller canceled
[2026-03-03 18:18:38] [WARN] stuck detected, cancel current goal and retry
[2026-03-03 18:18:38] [WARN] action done non-success, state=PREEMPTED outcome=101 msg=Controller canceled
[2026-03-03 18:18:42] [WARN] stuck detected, cancel current goal and retry
[2026-03-03 18:18:42] [WARN] action done non-success, state=PREEMPTED outcome=101 msg=Controller canceled
[2026-03-03 18:18:42] [ERROR] goal failed after max retries
[2026-03-03 18:19:43] [WARN] stuck detected, cancel current goal and retry
[2026-03-03 18:19:43] [WARN] action done non-success, state=PREEMPTED outcome=101 msg=Controller canceled
[2026-03-03 18:19:47] [WARN] stuck detected, cancel current goal and retry
[2026-03-03 18:19:47] [WARN] action done non-success, state=PREEMPTED outcome=101 msg=Controller canceled
[2026-03-03 18:19:51] [WARN] stuck detected, cancel current goal and retry
[2026-03-03 18:19:51] [WARN] action done non-success, state=PREEMPTED outcome=101 msg=Controller canceled
[2026-03-03 18:19:51] [ERROR] goal failed after max retries
[2026-03-03 18:20:50] [WARN] stuck detected, cancel current goal and retry
[2026-03-03 18:20:50] [WARN] action done non-success, state=PREEMPTED outcome=101 msg=Controller canceled
[2026-03-03 18:20:54] [WARN] stuck detected, cancel current goal and retry
[2026-03-03 18:20:54] [WARN] action done non-success, state=PREEMPTED outcome=101 msg=Controller canceled
[2026-03-03 18:20:58] [WARN] stuck detected, cancel current goal and retry
[2026-03-03 18:20:58] [WARN] action done non-success, state=PREEMPTED outcome=101 msg=Controller canceled
[2026-03-03 18:20:58] [ERROR] goal failed after max retries
[2026-03-03 18:21:58] [WARN] stuck detected, cancel current goal and retry
[2026-03-03 18:21:58] [WARN] action done non-success, state=PREEMPTED outcome=101 msg=Controller canceled
[2026-03-03 18:22:02] [WARN] stuck detected, cancel current goal and retry
[2026-03-03 18:22:02] [WARN] action done non-success, state=PREEMPTED outcome=101 msg=Controller canceled
[2026-03-03 18:22:06] [WARN] stuck detected, cancel current goal and retry
[2026-03-03 18:22:06] [WARN] action done non-success, state=PREEMPTED outcome=101 msg=Controller canceled
[2026-03-03 18:22:06] [ERROR] goal failed after max retries
[2026-03-03 18:23:07] [WARN] stuck detected, cancel current goal and retry
[2026-03-03 18:23:07] [WARN] action done non-success, state=PREEMPTED outcome=101 msg=Controller canceled
[2026-03-03 18:23:11] [WARN] stuck detected, cancel current goal and retry
[2026-03-03 18:23:11] [WARN] action done non-success, state=PREEMPTED outcome=101 msg=Controller canceled
[2026-03-03 18:23:15] [WARN] stuck detected, cancel current goal and retry
[2026-03-03 18:23:15] [WARN] action done non-success, state=PREEMPTED outcome=101 msg=Controller canceled
[2026-03-03 18:23:15] [ERROR] goal failed after max retries
[2026-03-03 18:24:17] [WARN] stuck detected, cancel current goal and retry
[2026-03-03 18:24:17] [WARN] action done non-success, state=PREEMPTED outcome=101 msg=Controller canceled
[2026-03-03 18:24:21] [WARN] stuck detected, cancel current goal and retry
[2026-03-03 18:24:21] [WARN] action done non-success, state=PREEMPTED outcome=101 msg=Controller canceled
[2026-03-03 18:24:25] [WARN] stuck detected, cancel current goal and retry
[2026-03-03 18:24:25] [WARN] action done non-success, state=PREEMPTED outcome=101 msg=Controller canceled
[2026-03-03 18:24:25] [ERROR] goal failed after max retries
[2026-03-03 18:25:26] [WARN] stuck detected, cancel current goal and retry
[2026-03-03 18:25:26] [WARN] action done non-success, state=PREEMPTED outcome=101 msg=Controller canceled
[2026-03-03 18:25:30] [WARN] stuck detected, cancel current goal and retry
[2026-03-03 18:25:30] [WARN] action done non-success, state=PREEMPTED outcome=101 msg=Controller canceled
[2026-03-03 18:25:34] [WARN] stuck detected, cancel current goal and retry
[2026-03-03 18:25:34] [WARN] action done non-success, state=PREEMPTED outcome=101 msg=Controller canceled
[2026-03-03 18:25:34] [ERROR] goal failed after max retries
[2026-03-03 18:26:33] [WARN] stuck detected, cancel current goal and retry
[2026-03-03 18:26:33] [WARN] action done non-success, state=PREEMPTED outcome=101 msg=Controller canceled
[2026-03-03 18:26:37] [WARN] stuck detected, cancel current goal and retry
[2026-03-03 18:26:37] [WARN] action done non-success, state=PREEMPTED outcome=101 msg=Controller canceled
[2026-03-03 18:26:41] [WARN] stuck detected, cancel current goal and retry
[2026-03-03 18:26:41] [WARN] action done non-success, state=PREEMPTED outcome=101 msg=Controller canceled
[2026-03-03 18:26:41] [ERROR] goal failed after max retries
[2026-03-03 18:27:40] [WARN] stuck detected, cancel current goal and retry
[2026-03-03 18:27:40] [WARN] action done non-success, state=PREEMPTED outcome=101 msg=Controller canceled
[2026-03-03 18:27:45] [WARN] stuck detected, cancel current goal and retry
[2026-03-03 18:27:45] [WARN] action done non-success, state=PREEMPTED outcome=101 msg=Controller canceled
[2026-03-03 18:27:49] [WARN] stuck detected, cancel current goal and retry
[2026-03-03 18:27:49] [WARN] action done non-success, state=PREEMPTED outcome=101 msg=Controller canceled
[2026-03-03 18:27:49] [ERROR] goal failed after max retries
[2026-03-03 18:28:50] [WARN] stuck detected, cancel current goal and retry
[2026-03-03 18:28:50] [WARN] action done non-success, state=PREEMPTED outcome=101 msg=Controller canceled
[2026-03-03 18:28:54] [WARN] stuck detected, cancel current goal and retry
[2026-03-03 18:28:54] [WARN] action done non-success, state=PREEMPTED outcome=101 msg=Controller canceled
[2026-03-03 18:28:58] [WARN] stuck detected, cancel current goal and retry
[2026-03-03 18:28:58] [WARN] action done non-success, state=PREEMPTED outcome=101 msg=Controller canceled
[2026-03-03 18:28:58] [ERROR] goal failed after max retries
[2026-03-03 18:30:49] [WARN] stuck detected, cancel current goal and retry
[2026-03-03 18:30:49] [WARN] action done non-success, state=PREEMPTED outcome=101 msg=Controller canceled
[2026-03-03 18:30:53] [WARN] stuck detected, cancel current goal and retry
[2026-03-03 18:30:53] [WARN] action done non-success, state=PREEMPTED outcome=101 msg=Controller canceled
[2026-03-03 18:30:57] [WARN] stuck detected, cancel current goal and retry
[2026-03-03 18:30:57] [WARN] action done non-success, state=PREEMPTED outcome=101 msg=Controller canceled
[2026-03-03 18:30:57] [ERROR] goal failed after max retries
[2026-03-03 18:33:38] [WARN] stuck detected, cancel current goal and retry
[2026-03-03 18:33:38] [WARN] action done non-success, state=PREEMPTED outcome=101 msg=Controller canceled
[2026-03-03 18:33:42] [WARN] stuck detected, cancel current goal and retry
[2026-03-03 18:33:42] [WARN] action done non-success, state=PREEMPTED outcome=101 msg=Controller canceled
[2026-03-03 18:33:46] [WARN] stuck detected, cancel current goal and retry
[2026-03-03 18:33:46] [WARN] action done non-success, state=PREEMPTED outcome=101 msg=Controller canceled
[2026-03-03 18:33:46] [ERROR] goal failed after max retries
[2026-03-03 18:34:47] [WARN] stuck detected, cancel current goal and retry
[2026-03-03 18:34:47] [WARN] action done non-success, state=PREEMPTED outcome=101 msg=Controller canceled
[2026-03-03 18:34:51] [WARN] stuck detected, cancel current goal and retry
[2026-03-03 18:34:51] [WARN] action done non-success, state=PREEMPTED outcome=101 msg=Controller canceled
[2026-03-03 18:34:55] [WARN] stuck detected, cancel current goal and retry
[2026-03-03 18:34:55] [WARN] action done non-success, state=PREEMPTED outcome=101 msg=Controller canceled
[2026-03-03 18:34:55] [ERROR] goal failed after max retries
[2026-03-03 18:35:55] [WARN] stuck detected, cancel current goal and retry
[2026-03-03 18:35:55] [WARN] action done non-success, state=PREEMPTED outcome=101 msg=Controller canceled
[2026-03-03 18:35:59] [WARN] stuck detected, cancel current goal and retry
[2026-03-03 18:35:59] [WARN] action done non-success, state=PREEMPTED outcome=101 msg=Controller canceled
[2026-03-03 18:36:03] [WARN] stuck detected, cancel current goal and retry
[2026-03-03 18:36:03] [WARN] action done non-success, state=PREEMPTED outcome=101 msg=Controller canceled
[2026-03-03 18:36:03] [ERROR] goal failed after max retries
[2026-03-03 18:37:03] [WARN] stuck detected, cancel current goal and retry
[2026-03-03 18:37:03] [WARN] action done non-success, state=PREEMPTED outcome=101 msg=Controller canceled
[2026-03-03 18:37:06] [WARN] stuck detected, cancel current goal and retry
[2026-03-03 18:37:06] [WARN] action done non-success, state=PREEMPTED outcome=101 msg=Controller canceled
[2026-03-03 18:37:10] [WARN] stuck detected, cancel current goal and retry
[2026-03-03 18:37:10] [WARN] action done non-success, state=PREEMPTED outcome=101 msg=Controller canceled
[2026-03-03 18:37:11] [ERROR] goal failed after max retries
[2026-03-03 18:38:12] [WARN] stuck detected, cancel current goal and retry
[2026-03-03 18:38:12] [WARN] action done non-success, state=PREEMPTED outcome=101 msg=Controller canceled
[2026-03-03 18:38:15] [WARN] stuck detected, cancel current goal and retry
[2026-03-03 18:38:15] [WARN] action done non-success, state=PREEMPTED outcome=101 msg=Controller canceled
[2026-03-03 18:38:20] [WARN] stuck detected, cancel current goal and retry
[2026-03-03 18:38:20] [WARN] action done non-success, state=PREEMPTED outcome=101 msg=Controller canceled
[2026-03-03 18:38:20] [ERROR] goal failed after max retries
[2026-03-03 18:39:20] [WARN] stuck detected, cancel current goal and retry
[2026-03-03 18:39:20] [WARN] action done non-success, state=PREEMPTED outcome=101 msg=Controller canceled
[2026-03-03 18:39:24] [WARN] stuck detected, cancel current goal and retry
[2026-03-03 18:39:24] [WARN] action done non-success, state=PREEMPTED outcome=101 msg=Controller canceled
[2026-03-03 18:39:28] [WARN] stuck detected, cancel current goal and retry
[2026-03-03 18:39:28] [WARN] action done non-success, state=PREEMPTED outcome=101 msg=Controller canceled
[2026-03-03 18:39:28] [ERROR] goal failed after max retries
[2026-03-03 18:40:28] [WARN] stuck detected, cancel current goal and retry
[2026-03-03 18:40:28] [WARN] action done non-success, state=PREEMPTED outcome=101 msg=Controller canceled
[2026-03-03 18:40:32] [WARN] stuck detected, cancel current goal and retry
[2026-03-03 18:40:32] [WARN] action done non-success, state=PREEMPTED outcome=101 msg=Controller canceled
[2026-03-03 18:40:36] [WARN] stuck detected, cancel current goal and retry
[2026-03-03 18:40:36] [WARN] action done non-success, state=PREEMPTED outcome=101 msg=Controller canceled
[2026-03-03 18:40:36] [ERROR] goal failed after max retries
[2026-03-03 18:41:37] [WARN] stuck detected, cancel current goal and retry
[2026-03-03 18:41:37] [WARN] action done non-success, state=PREEMPTED outcome=101 msg=Controller canceled
[2026-03-03 18:41:40] [WARN] stuck detected, cancel current goal and retry
[2026-03-03 18:41:40] [WARN] action done non-success, state=PREEMPTED outcome=101 msg=Controller canceled
[2026-03-03 18:41:44] [WARN] stuck detected, cancel current goal and retry
[2026-03-03 18:41:44] [WARN] action done non-success, state=PREEMPTED outcome=101 msg=Controller canceled
[2026-03-03 18:41:45] [ERROR] goal failed after max retries
[2026-03-03 18:42:45] [WARN] stuck detected, cancel current goal and retry
[2026-03-03 18:42:45] [WARN] action done non-success, state=PREEMPTED outcome=101 msg=Controller canceled
[2026-03-03 18:42:48] [WARN] stuck detected, cancel current goal and retry
[2026-03-03 18:42:48] [WARN] action done non-success, state=PREEMPTED outcome=101 msg=Controller canceled
[2026-03-03 18:42:52] [WARN] stuck detected, cancel current goal and retry
[2026-03-03 18:42:52] [WARN] action done non-success, state=PREEMPTED outcome=101 msg=Controller canceled
[2026-03-03 18:42:53] [ERROR] goal failed after max retries
[2026-03-03 18:44:45] [WARN] stuck detected, cancel current goal and retry
[2026-03-03 18:44:45] [WARN] action done non-success, state=PREEMPTED outcome=101 msg=Controller canceled
[2026-03-03 18:44:49] [WARN] stuck detected, cancel current goal and retry
[2026-03-03 18:44:49] [WARN] action done non-success, state=PREEMPTED outcome=101 msg=Controller canceled
[2026-03-03 18:44:53] [WARN] stuck detected, cancel current goal and retry
[2026-03-03 18:44:53] [WARN] action done non-success, state=PREEMPTED outcome=101 msg=Controller canceled
[2026-03-03 18:44:53] [ERROR] goal failed after max retries
[2026-03-03 18:45:53] [WARN] stuck detected, cancel current goal and retry
[2026-03-03 18:45:53] [WARN] action done non-success, state=PREEMPTED outcome=101 msg=Controller canceled
[2026-03-03 18:45:57] [WARN] stuck detected, cancel current goal and retry
[2026-03-03 18:45:57] [WARN] action done non-success, state=PREEMPTED outcome=101 msg=Controller canceled
[2026-03-03 18:46:00] [WARN] stuck detected, cancel current goal and retry
[2026-03-03 18:46:00] [WARN] action done non-success, state=PREEMPTED outcome=101 msg=Controller canceled
[2026-03-03 18:46:01] [ERROR] goal failed after max retries
[2026-03-03 18:46:59] [WARN] stuck detected, cancel current goal and retry
[2026-03-03 18:46:59] [WARN] action done non-success, state=PREEMPTED outcome=101 msg=Controller canceled
[2026-03-03 18:47:03] [WARN] stuck detected, cancel current goal and retry
[2026-03-03 18:47:03] [WARN] action done non-success, state=PREEMPTED outcome=101 msg=Controller canceled
[2026-03-03 18:47:07] [WARN] stuck detected, cancel current goal and retry
[2026-03-03 18:47:07] [WARN] action done non-success, state=PREEMPTED outcome=101 msg=Controller canceled
[2026-03-03 18:47:07] [ERROR] goal failed after max retries
[2026-03-03 18:48:07] [WARN] stuck detected, cancel current goal and retry
[2026-03-03 18:48:07] [WARN] action done non-success, state=PREEMPTED outcome=101 msg=Controller canceled
[2026-03-03 18:48:10] [WARN] stuck detected, cancel current goal and retry
[2026-03-03 18:48:10] [WARN] action done non-success, state=PREEMPTED outcome=101 msg=Controller canceled
[2026-03-03 18:48:14] [WARN] stuck detected, cancel current goal and retry
[2026-03-03 18:48:14] [WARN] action done non-success, state=PREEMPTED outcome=101 msg=Controller canceled
[2026-03-03 18:48:15] [ERROR] goal failed after max retries
[2026-03-03 18:49:15] [WARN] stuck detected, cancel current goal and retry
[2026-03-03 18:49:15] [WARN] action done non-success, state=PREEMPTED outcome=101 msg=Controller canceled
[2026-03-03 18:49:19] [WARN] stuck detected, cancel current goal and retry
[2026-03-03 18:49:19] [WARN] action done non-success, state=PREEMPTED outcome=101 msg=Controller canceled
[2026-03-03 18:49:23] [WARN] stuck detected, cancel current goal and retry
[2026-03-03 18:49:23] [WARN] action done non-success, state=PREEMPTED outcome=101 msg=Controller canceled
[2026-03-03 18:49:23] [ERROR] goal failed after max retries
[2026-03-03 18:52:02] [WARN] stuck detected, cancel current goal and retry
[2026-03-03 18:52:02] [WARN] action done non-success, state=PREEMPTED outcome=101 msg=Controller canceled
[2026-03-03 18:52:06] [WARN] stuck detected, cancel current goal and retry
[2026-03-03 18:52:06] [WARN] action done non-success, state=PREEMPTED outcome=101 msg=Controller canceled
[2026-03-03 18:52:09] [WARN] stuck detected, cancel current goal and retry
[2026-03-03 18:52:09] [WARN] action done non-success, state=PREEMPTED outcome=101 msg=Controller canceled
[2026-03-03 18:52:10] [ERROR] goal failed after max retries
[2026-03-03 18:53:08] [WARN] stuck detected, cancel current goal and retry
[2026-03-03 18:53:08] [WARN] action done non-success, state=PREEMPTED outcome=101 msg=Controller canceled
[2026-03-03 18:53:12] [WARN] stuck detected, cancel current goal and retry
[2026-03-03 18:53:12] [WARN] action done non-success, state=PREEMPTED outcome=101 msg=Controller canceled
[2026-03-03 18:53:16] [WARN] stuck detected, cancel current goal and retry
[2026-03-03 18:53:16] [WARN] action done non-success, state=PREEMPTED outcome=101 msg=Controller canceled
[2026-03-03 18:53:16] [ERROR] goal failed after max retries
[2026-03-03 18:54:14] [WARN] stuck detected, cancel current goal and retry
[2026-03-03 18:54:14] [WARN] action done non-success, state=PREEMPTED outcome=101 msg=Controller canceled
[2026-03-03 18:54:18] [WARN] stuck detected, cancel current goal and retry
[2026-03-03 18:54:18] [WARN] action done non-success, state=PREEMPTED outcome=101 msg=Controller canceled
[2026-03-03 18:54:22] [WARN] stuck detected, cancel current goal and retry
[2026-03-03 18:54:22] [WARN] action done non-success, state=PREEMPTED outcome=101 msg=Controller canceled
[2026-03-03 18:54:22] [ERROR] goal failed after max retries
[2026-03-03 18:55:21] [WARN] stuck detected, cancel current goal and retry
[2026-03-03 18:55:21] [WARN] action done non-success, state=PREEMPTED outcome=101 msg=Controller canceled
[2026-03-03 18:55:25] [WARN] stuck detected, cancel current goal and retry
[2026-03-03 18:55:25] [WARN] action done non-success, state=PREEMPTED outcome=101 msg=Controller canceled
[2026-03-03 18:55:29] [WARN] stuck detected, cancel current goal and retry
[2026-03-03 18:55:29] [WARN] action done non-success, state=PREEMPTED outcome=101 msg=Controller canceled
[2026-03-03 18:55:30] [ERROR] goal failed after max retries
[2026-03-03 18:56:28] [WARN] stuck detected, cancel current goal and retry
[2026-03-03 18:56:28] [WARN] action done non-success, state=PREEMPTED outcome=101 msg=Controller canceled
[2026-03-03 18:56:32] [WARN] stuck detected, cancel current goal and retry
[2026-03-03 18:56:32] [WARN] action done non-success, state=PREEMPTED outcome=101 msg=Controller canceled
[2026-03-03 18:56:36] [WARN] stuck detected, cancel current goal and retry
[2026-03-03 18:56:36] [WARN] action done non-success, state=PREEMPTED outcome=101 msg=Controller canceled
[2026-03-03 18:56:36] [ERROR] goal failed after max retries
[2026-03-03 18:57:35] [WARN] stuck detected, cancel current goal and retry
[2026-03-03 18:57:35] [WARN] action done non-success, state=PREEMPTED outcome=101 msg=Controller canceled
[2026-03-03 18:57:38] [WARN] stuck detected, cancel current goal and retry
[2026-03-03 18:57:38] [WARN] action done non-success, state=PREEMPTED outcome=101 msg=Controller canceled
[2026-03-03 18:57:42] [WARN] stuck detected, cancel current goal and retry
[2026-03-03 18:57:42] [WARN] action done non-success, state=PREEMPTED outcome=101 msg=Controller canceled
[2026-03-03 18:57:42] [ERROR] goal failed after max retries
[2026-03-03 18:58:41] [WARN] stuck detected, cancel current goal and retry
[2026-03-03 18:58:41] [WARN] action done non-success, state=PREEMPTED outcome=101 msg=Controller canceled
[2026-03-03 18:58:45] [WARN] stuck detected, cancel current goal and retry
[2026-03-03 18:58:45] [WARN] action done non-success, state=PREEMPTED outcome=101 msg=Controller canceled
[2026-03-03 18:58:49] [WARN] stuck detected, cancel current goal and retry
[2026-03-03 18:58:49] [WARN] action done non-success, state=PREEMPTED outcome=101 msg=Controller canceled
[2026-03-03 18:58:49] [ERROR] goal failed after max retries
[2026-03-03 18:59:48] [WARN] stuck detected, cancel current goal and retry
[2026-03-03 18:59:48] [WARN] action done non-success, state=PREEMPTED outcome=101 msg=Controller canceled
[2026-03-03 18:59:52] [WARN] stuck detected, cancel current goal and retry
[2026-03-03 18:59:52] [WARN] action done non-success, state=PREEMPTED outcome=101 msg=Controller canceled
[2026-03-03 18:59:56] [WARN] stuck detected, cancel current goal and retry
[2026-03-03 18:59:56] [WARN] action done non-success, state=PREEMPTED outcome=101 msg=Controller canceled
[2026-03-03 18:59:56] [ERROR] goal failed after max retries
[2026-03-03 19:00:55] [WARN] stuck detected, cancel current goal and retry
[2026-03-03 19:00:55] [WARN] action done non-success, state=PREEMPTED outcome=101 msg=Controller canceled
[2026-03-03 19:00:59] [WARN] stuck detected, cancel current goal and retry
[2026-03-03 19:00:59] [WARN] action done non-success, state=PREEMPTED outcome=101 msg=Controller canceled
[2026-03-03 19:01:03] [WARN] stuck detected, cancel current goal and retry
[2026-03-03 19:01:03] [WARN] action done non-success, state=PREEMPTED outcome=101 msg=Controller canceled
[2026-03-03 19:01:03] [ERROR] goal failed after max retries
[2026-03-03 19:02:01] [WARN] stuck detected, cancel current goal and retry
[2026-03-03 19:02:01] [WARN] action done non-success, state=PREEMPTED outcome=101 msg=Controller canceled
[2026-03-03 19:02:05] [WARN] stuck detected, cancel current goal and retry
[2026-03-03 19:02:05] [WARN] action done non-success, state=PREEMPTED outcome=101 msg=Controller canceled
[2026-03-03 19:02:09] [WARN] stuck detected, cancel current goal and retry
[2026-03-03 19:02:09] [WARN] action done non-success, state=PREEMPTED outcome=101 msg=Controller canceled
[2026-03-03 19:02:09] [ERROR] goal failed after max retries
[2026-03-03 19:03:07] [WARN] stuck detected, cancel current goal and retry
[2026-03-03 19:03:07] [WARN] action done non-success, state=PREEMPTED outcome=101 msg=Controller canceled
[2026-03-03 19:03:11] [WARN] stuck detected, cancel current goal and retry
[2026-03-03 19:03:11] [WARN] action done non-success, state=PREEMPTED outcome=101 msg=Controller canceled
[2026-03-03 19:03:15] [WARN] stuck detected, cancel current goal and retry
[2026-03-03 19:03:15] [WARN] action done non-success, state=PREEMPTED outcome=101 msg=Controller canceled
[2026-03-03 19:03:15] [ERROR] goal failed after max retries
[2026-03-03 19:04:15] [WARN] stuck detected, cancel current goal and retry
[2026-03-03 19:04:15] [WARN] action done non-success, state=PREEMPTED outcome=101 msg=Controller canceled
[2026-03-03 19:04:19] [WARN] stuck detected, cancel current goal and retry
[2026-03-03 19:04:19] [WARN] action done non-success, state=PREEMPTED outcome=101 msg=Controller canceled
[2026-03-03 19:04:23] [WARN] stuck detected, cancel current goal and retry
[2026-03-03 19:04:23] [WARN] action done non-success, state=PREEMPTED outcome=101 msg=Controller canceled
[2026-03-03 19:04:23] [ERROR] goal failed after max retries
[2026-03-03 19:05:22] [WARN] stuck detected, cancel current goal and retry
[2026-03-03 19:05:22] [WARN] action done non-success, state=PREEMPTED outcome=101 msg=Controller canceled
[2026-03-03 19:05:25] [WARN] stuck detected, cancel current goal and retry
[2026-03-03 19:05:25] [WARN] action done non-success, state=PREEMPTED outcome=101 msg=Controller canceled
[2026-03-03 19:05:29] [WARN] stuck detected, cancel current goal and retry
[2026-03-03 19:05:29] [WARN] action done non-success, state=PREEMPTED outcome=101 msg=Controller canceled
[2026-03-03 19:05:30] [ERROR] goal failed after max retries
[2026-03-03 19:07:19] [WARN] stuck detected, cancel current goal and retry
[2026-03-03 19:07:19] [WARN] action done non-success, state=PREEMPTED outcome=101 msg=Controller canceled
[2026-03-03 19:07:23] [WARN] stuck detected, cancel current goal and retry
[2026-03-03 19:07:23] [WARN] action done non-success, state=PREEMPTED outcome=101 msg=Controller canceled
[2026-03-03 19:07:27] [WARN] stuck detected, cancel current goal and retry
[2026-03-03 19:07:27] [WARN] action done non-success, state=PREEMPTED outcome=101 msg=Controller canceled
[2026-03-03 19:07:27] [ERROR] goal failed after max retries
[2026-03-03 19:08:25] [WARN] stuck detected, cancel current goal and retry
[2026-03-03 19:08:25] [WARN] action done non-success, state=PREEMPTED outcome=101 msg=Controller canceled
[2026-03-03 19:08:29] [WARN] stuck detected, cancel current goal and retry
[2026-03-03 19:08:29] [WARN] action done non-success, state=PREEMPTED outcome=101 msg=Controller canceled
[2026-03-03 19:08:33] [WARN] stuck detected, cancel current goal and retry
[2026-03-03 19:08:33] [WARN] action done non-success, state=PREEMPTED outcome=101 msg=Controller canceled
[2026-03-03 19:08:33] [ERROR] goal failed after max retries
[2026-03-03 19:09:32] [WARN] stuck detected, cancel current goal and retry
[2026-03-03 19:09:32] [WARN] action done non-success, state=PREEMPTED outcome=101 msg=Controller canceled
[2026-03-03 19:09:36] [WARN] stuck detected, cancel current goal and retry
[2026-03-03 19:09:36] [WARN] action done non-success, state=PREEMPTED outcome=101 msg=Controller canceled
[2026-03-03 19:09:39] [WARN] stuck detected, cancel current goal and retry
[2026-03-03 19:09:40] [WARN] action done non-success, state=PREEMPTED outcome=101 msg=Controller canceled
[2026-03-03 19:09:40] [ERROR] goal failed after max retries
[2026-03-03 19:10:38] [WARN] stuck detected, cancel current goal and retry
[2026-03-03 19:10:38] [WARN] action done non-success, state=PREEMPTED outcome=101 msg=Controller canceled
[2026-03-03 19:10:42] [WARN] stuck detected, cancel current goal and retry
[2026-03-03 19:10:42] [WARN] action done non-success, state=PREEMPTED outcome=101 msg=Controller canceled
[2026-03-03 19:10:46] [WARN] stuck detected, cancel current goal and retry
[2026-03-03 19:10:46] [WARN] action done non-success, state=PREEMPTED outcome=101 msg=Controller canceled
[2026-03-03 19:10:46] [ERROR] goal failed after max retries
[2026-03-03 19:11:46] [WARN] stuck detected, cancel current goal and retry
[2026-03-03 19:11:46] [WARN] action done non-success, state=PREEMPTED outcome=101 msg=Controller canceled
[2026-03-03 19:11:49] [WARN] stuck detected, cancel current goal and retry
[2026-03-03 19:11:49] [WARN] action done non-success, state=PREEMPTED outcome=101 msg=Controller canceled
[2026-03-03 19:11:53] [WARN] stuck detected, cancel current goal and retry
[2026-03-03 19:11:53] [WARN] action done non-success, state=PREEMPTED outcome=101 msg=Controller canceled
[2026-03-03 19:11:54] [ERROR] goal failed after max retries
[2026-03-03 19:12:52] [WARN] stuck detected, cancel current goal and retry
[2026-03-03 19:12:52] [WARN] action done non-success, state=PREEMPTED outcome=101 msg=Controller canceled
[2026-03-03 19:12:56] [WARN] stuck detected, cancel current goal and retry
[2026-03-03 19:12:56] [WARN] action done non-success, state=PREEMPTED outcome=101 msg=Controller canceled
[2026-03-03 19:13:00] [WARN] stuck detected, cancel current goal and retry
[2026-03-03 19:13:00] [WARN] action done non-success, state=PREEMPTED outcome=101 msg=Controller canceled
[2026-03-03 19:13:00] [ERROR] goal failed after max retries
[2026-03-03 19:13:58] [WARN] stuck detected, cancel current goal and retry
[2026-03-03 19:13:58] [WARN] action done non-success, state=PREEMPTED outcome=101 msg=Controller canceled
[2026-03-03 19:14:02] [WARN] stuck detected, cancel current goal and retry
[2026-03-03 19:14:02] [WARN] action done non-success, state=PREEMPTED outcome=101 msg=Controller canceled
[2026-03-03 19:14:06] [WARN] stuck detected, cancel current goal and retry
[2026-03-03 19:14:06] [WARN] action done non-success, state=PREEMPTED outcome=101 msg=Controller canceled
[2026-03-03 19:14:06] [ERROR] goal failed after max retries

===== Patrol EXT Run Start: 2026-03-03 19:19:15 =====
[2026-03-03 19:19:39] [WARN] stuck detected, cancel current goal and retry
[2026-03-03 19:19:39] [WARN] action done non-success, state=PREEMPTED outcome=101 msg=Controller canceled
[2026-03-03 19:19:43] [WARN] stuck detected, cancel current goal and retry
[2026-03-03 19:19:43] [WARN] action done non-success, state=PREEMPTED outcome=101 msg=Controller canceled
[2026-03-03 19:19:48] [WARN] stuck detected, cancel current goal and retry
[2026-03-03 19:19:48] [WARN] action done non-success, state=PREEMPTED outcome=101 msg=Controller canceled
[2026-03-03 19:19:48] [ERROR] goal failed after max retries
[2026-03-03 19:20:31] [WARN] action done non-success, state=PREEMPTED outcome=101 msg=Controller canceled

===== Patrol EXT Run Start: 2026-03-03 19:22:26 =====

===== Patrol EXT Run Start: 2026-03-03 19:25:44 =====
[2026-03-03 19:25:58] [WARN] action done non-success, state=PREEMPTED outcome=101 msg=Controller canceled
[2026-03-03 19:26:39] [WARN] stuck detected, cancel current goal and retry
[2026-03-03 19:26:39] [WARN] action done non-success, state=PREEMPTED outcome=101 msg=Controller canceled
[2026-03-03 19:26:43] [WARN] stuck detected, cancel current goal and retry
[2026-03-03 19:26:43] [WARN] action done non-success, state=PREEMPTED outcome=101 msg=Controller canceled
[2026-03-03 19:26:47] [WARN] stuck detected, cancel current goal and retry
[2026-03-03 19:26:47] [WARN] action done non-success, state=PREEMPTED outcome=101 msg=Controller canceled
[2026-03-03 19:26:47] [ERROR] goal failed after max retries

===== Patrol EXT Run Start: 2026-03-03 19:27:40 =====
[2026-03-03 19:28:03] [WARN] action done non-success, state=PREEMPTED outcome=101 msg=Controller canceled
[2026-03-03 19:31:23] [WARN] stuck detected, cancel current goal and retry
[2026-03-03 19:31:23] [WARN] action done non-success, state=PREEMPTED outcome=101 msg=Controller canceled
[2026-03-03 19:31:27] [WARN] stuck detected, cancel current goal and retry
[2026-03-03 19:31:27] [WARN] action done non-success, state=PREEMPTED outcome=101 msg=Controller canceled
[2026-03-03 19:31:32] [WARN] stuck detected, cancel current goal and retry
[2026-03-03 19:31:32] [WARN] action done non-success, state=PREEMPTED outcome=101 msg=Controller canceled
[2026-03-03 19:31:32] [ERROR] goal failed after max retries
[2026-03-03 19:32:42] [WARN] stuck detected, cancel current goal and retry
[2026-03-03 19:32:42] [WARN] action done non-success, state=PREEMPTED outcome=101 msg=Controller canceled
